Namespace(batchSize=40, cuda=True, dataroot='datasets/background_remove', decay_epoch=100, epoch=0, input_nc=4, lr=0.0002, n_cpu=8, n_epochs=800, output_nc=4, size=128)

        -----------------------------------------------------------
        Epoch : 0 Finished
        Loss_G : 6.8263444900512695
        Loss_G_identity : 2.0375609397888184
        Loss_G_GAN : 0.5448548793792725
        Loss_G_cycle : 4.243928909301758
        Loss_D : 0.277374267578125
        -----------------------------------------------------------
        

        -----------------------------------------------------------
        Epoch : 1 Finished
        Loss_G : 4.9240570068359375
        Loss_G_identity : 1.509889006614685
        Loss_G_GAN : 0.17378658056259155
        Loss_G_cycle : 3.2403817176818848
        Loss_D : 0.4230930209159851
        -----------------------------------------------------------
        

        -----------------------------------------------------------
        Epoch : 2 Finished
        Loss_G : 5.417774200439453
        Loss_G_identity : 1.4995639324188232
        Loss_G_GAN : 0.5239508748054504
        Loss_G_cycle : 3.394259452819824
        Loss_D : 0.2680869698524475
        -----------------------------------------------------------
        

        -----------------------------------------------------------
        Epoch : 3 Finished
        Loss_G : 4.673935890197754
        Loss_G_identity : 1.1299251317977905
        Loss_G_GAN : 1.158324956893921
        Loss_G_cycle : 2.385685443878174
        Loss_D : 0.28505873680114746
        -----------------------------------------------------------
        

        -----------------------------------------------------------
        Epoch : 4 Finished
        Loss_G : 4.2472615242004395
        Loss_G_identity : 1.0812430381774902
        Loss_G_GAN : 0.9299217462539673
        Loss_G_cycle : 2.2360968589782715
        Loss_D : 0.2762851119041443
        -----------------------------------------------------------
        

        -----------------------------------------------------------
        Epoch : 5 Finished
        Loss_G : 4.660744667053223
        Loss_G_identity : 1.1011011600494385
        Loss_G_GAN : 1.1374986171722412
        Loss_G_cycle : 2.422144651412964
        Loss_D : 0.39228618144989014
        -----------------------------------------------------------
        

        -----------------------------------------------------------
        Epoch : 6 Finished
        Loss_G : 4.0207624435424805
        Loss_G_identity : 1.0612120628356934
        Loss_G_GAN : 0.7172435522079468
        Loss_G_cycle : 2.24230694770813
        Loss_D : 0.30250996351242065
        -----------------------------------------------------------
        

        -----------------------------------------------------------
        Epoch : 7 Finished
        Loss_G : 4.298435211181641
        Loss_G_identity : 1.0089728832244873
        Loss_G_GAN : 1.0100170373916626
        Loss_G_cycle : 2.2794456481933594
        Loss_D : 0.4789174199104309
        -----------------------------------------------------------
        

        -----------------------------------------------------------
        Epoch : 8 Finished
        Loss_G : 3.662876605987549
        Loss_G_identity : 0.9366955757141113
        Loss_G_GAN : 0.719772458076477
        Loss_G_cycle : 2.006408452987671
        Loss_D : 0.24329522252082825
        -----------------------------------------------------------
        

        -----------------------------------------------------------
        Epoch : 9 Finished
        Loss_G : 4.128532409667969
        Loss_G_identity : 0.9203057885169983
        Loss_G_GAN : 1.0487275123596191
        Loss_G_cycle : 2.159499406814575
        Loss_D : 0.2867751717567444
        -----------------------------------------------------------
        

        -----------------------------------------------------------
        Epoch : 10 Finished
        Loss_G : 3.662877321243286
        Loss_G_identity : 0.9724453091621399
        Loss_G_GAN : 0.6425803303718567
        Loss_G_cycle : 2.047851800918579
        Loss_D : 0.2713201642036438
        -----------------------------------------------------------
        

        -----------------------------------------------------------
        Epoch : 11 Finished
        Loss_G : 3.9049391746520996
        Loss_G_identity : 0.9757405519485474
        Loss_G_GAN : 0.8441765904426575
        Loss_G_cycle : 2.085022449493408
        Loss_D : 0.16771364212036133
        -----------------------------------------------------------
        

        -----------------------------------------------------------
        Epoch : 12 Finished
        Loss_G : 3.4652974605560303
        Loss_G_identity : 0.8249988555908203
        Loss_G_GAN : 0.9657007455825806
        Loss_G_cycle : 1.6745977401733398
        Loss_D : 0.2668180763721466
        -----------------------------------------------------------
        

        -----------------------------------------------------------
        Epoch : 13 Finished
        Loss_G : 3.4359045028686523
        Loss_G_identity : 0.8686507940292358
        Loss_G_GAN : 0.7552859783172607
        Loss_G_cycle : 1.8119676113128662
        Loss_D : 0.2442914992570877
        -----------------------------------------------------------
        

        -----------------------------------------------------------
        Epoch : 14 Finished
        Loss_G : 4.787662506103516
        Loss_G_identity : 0.8985456228256226
        Loss_G_GAN : 2.0495107173919678
        Loss_G_cycle : 1.8396060466766357
        Loss_D : 0.33601269125938416
        -----------------------------------------------------------
        

        -----------------------------------------------------------
        Epoch : 15 Finished
        Loss_G : 3.524346113204956
        Loss_G_identity : 0.8518698811531067
        Loss_G_GAN : 0.8465646505355835
        Loss_G_cycle : 1.8259117603302002
        Loss_D : 0.27760422229766846
        -----------------------------------------------------------
        

        -----------------------------------------------------------
        Epoch : 16 Finished
        Loss_G : 3.926746368408203
        Loss_G_identity : 0.8622143268585205
        Loss_G_GAN : 1.288015365600586
        Loss_G_cycle : 1.7765166759490967
        Loss_D : 0.1919945478439331
        -----------------------------------------------------------
        

        -----------------------------------------------------------
        Epoch : 17 Finished
        Loss_G : 3.728039264678955
        Loss_G_identity : 0.8220304250717163
        Loss_G_GAN : 1.159132719039917
        Loss_G_cycle : 1.7468760013580322
        Loss_D : 0.18683606386184692
        -----------------------------------------------------------
        

        -----------------------------------------------------------
        Epoch : 18 Finished
        Loss_G : 3.70211124420166
        Loss_G_identity : 0.877047061920166
        Loss_G_GAN : 1.0638536214828491
        Loss_G_cycle : 1.7612104415893555
        Loss_D : 0.23737823963165283
        -----------------------------------------------------------
        

        -----------------------------------------------------------
        Epoch : 19 Finished
        Loss_G : 5.341183662414551
        Loss_G_identity : 0.9189981818199158
        Loss_G_GAN : 2.3945913314819336
        Loss_G_cycle : 2.0275938510894775
        Loss_D : 0.5115940570831299
        -----------------------------------------------------------
        

        -----------------------------------------------------------
        Epoch : 20 Finished
        Loss_G : 3.5851035118103027
        Loss_G_identity : 0.7916051745414734
        Loss_G_GAN : 1.2141127586364746
        Loss_G_cycle : 1.579385757446289
        Loss_D : 0.28521448373794556
        -----------------------------------------------------------
        

        -----------------------------------------------------------
        Epoch : 21 Finished
        Loss_G : 3.1445343494415283
        Loss_G_identity : 0.8858112692832947
        Loss_G_GAN : 0.4953867197036743
        Loss_G_cycle : 1.763336181640625
        Loss_D : 0.26564639806747437
        -----------------------------------------------------------
        

        -----------------------------------------------------------
        Epoch : 22 Finished
        Loss_G : 3.870173454284668
        Loss_G_identity : 0.8272662162780762
        Loss_G_GAN : 1.3543239831924438
        Loss_G_cycle : 1.688583254814148
        Loss_D : 0.15500302612781525
        -----------------------------------------------------------
        

        -----------------------------------------------------------
        Epoch : 23 Finished
        Loss_G : 3.527803897857666
        Loss_G_identity : 0.8407595753669739
        Loss_G_GAN : 0.9415290355682373
        Loss_G_cycle : 1.7455151081085205
        Loss_D : 0.2255992740392685
        -----------------------------------------------------------
        

        -----------------------------------------------------------
        Epoch : 24 Finished
        Loss_G : 3.0572803020477295
        Loss_G_identity : 0.730854868888855
        Loss_G_GAN : 0.820637047290802
        Loss_G_cycle : 1.5057885646820068
        Loss_D : 0.21787354350090027
        -----------------------------------------------------------
        

        -----------------------------------------------------------
        Epoch : 25 Finished
        Loss_G : 3.9094526767730713
        Loss_G_identity : 0.8743611574172974
        Loss_G_GAN : 1.1396803855895996
        Loss_G_cycle : 1.8954110145568848
        Loss_D : 0.2345072329044342
        -----------------------------------------------------------
        

        -----------------------------------------------------------
        Epoch : 26 Finished
        Loss_G : 3.098935127258301
        Loss_G_identity : 0.8303462862968445
        Loss_G_GAN : 0.5192019939422607
        Loss_G_cycle : 1.7493866682052612
        Loss_D : 0.4558241069316864
        -----------------------------------------------------------
        

        -----------------------------------------------------------
        Epoch : 27 Finished
        Loss_G : 4.107866287231445
        Loss_G_identity : 0.8689342141151428
        Loss_G_GAN : 1.163522720336914
        Loss_G_cycle : 2.0754098892211914
        Loss_D : 0.23498821258544922
        -----------------------------------------------------------
        

        -----------------------------------------------------------
        Epoch : 28 Finished
        Loss_G : 3.154320478439331
        Loss_G_identity : 0.838346004486084
        Loss_G_GAN : 0.7775659561157227
        Loss_G_cycle : 1.5384085178375244
        Loss_D : 0.33429354429244995
        -----------------------------------------------------------
        

        -----------------------------------------------------------
        Epoch : 29 Finished
        Loss_G : 3.1984143257141113
        Loss_G_identity : 0.7453432083129883
        Loss_G_GAN : 0.9740959405899048
        Loss_G_cycle : 1.4789752960205078
        Loss_D : 0.27013665437698364
        -----------------------------------------------------------
        

        -----------------------------------------------------------
        Epoch : 30 Finished
        Loss_G : 3.481940746307373
        Loss_G_identity : 0.8252620100975037
        Loss_G_GAN : 1.05088472366333
        Loss_G_cycle : 1.6057941913604736
        Loss_D : 0.259794682264328
        -----------------------------------------------------------
        

        -----------------------------------------------------------
        Epoch : 31 Finished
        Loss_G : 4.916153907775879
        Loss_G_identity : 0.8369569778442383
        Loss_G_GAN : 2.3856940269470215
        Loss_G_cycle : 1.6935029029846191
        Loss_D : 0.22819636762142181
        -----------------------------------------------------------
        

        -----------------------------------------------------------
        Epoch : 32 Finished
        Loss_G : 4.044355392456055
        Loss_G_identity : 0.763709545135498
        Loss_G_GAN : 1.6078814268112183
        Loss_G_cycle : 1.6727644205093384
        Loss_D : 0.19895532727241516
        -----------------------------------------------------------
        

        -----------------------------------------------------------
        Epoch : 33 Finished
        Loss_G : 3.8468782901763916
        Loss_G_identity : 0.8793296813964844
        Loss_G_GAN : 0.7429666519165039
        Loss_G_cycle : 2.2245819568634033
        Loss_D : 0.18420317769050598
        -----------------------------------------------------------
        

        -----------------------------------------------------------
        Epoch : 34 Finished
        Loss_G : 2.756077766418457
        Loss_G_identity : 0.6895203590393066
        Loss_G_GAN : 0.6918538808822632
        Loss_G_cycle : 1.3747036457061768
        Loss_D : 0.2071603536605835
        -----------------------------------------------------------
        

        -----------------------------------------------------------
        Epoch : 35 Finished
        Loss_G : 3.175767421722412
        Loss_G_identity : 0.7585559487342834
        Loss_G_GAN : 0.8412559032440186
        Loss_G_cycle : 1.5759556293487549
        Loss_D : 0.17501193284988403
        -----------------------------------------------------------
        

        -----------------------------------------------------------
        Epoch : 36 Finished
        Loss_G : 2.979340076446533
        Loss_G_identity : 0.8796548247337341
        Loss_G_GAN : 0.254386842250824
        Loss_G_cycle : 1.8452982902526855
        Loss_D : 0.5014017820358276
        -----------------------------------------------------------
        

        -----------------------------------------------------------
        Epoch : 37 Finished
        Loss_G : 4.107893943786621
        Loss_G_identity : 0.6828395128250122
        Loss_G_GAN : 1.997823715209961
        Loss_G_cycle : 1.4272308349609375
        Loss_D : 0.26793450117111206
        -----------------------------------------------------------
        

        -----------------------------------------------------------
        Epoch : 38 Finished
        Loss_G : 3.04130220413208
        Loss_G_identity : 0.7077057361602783
        Loss_G_GAN : 0.8596600294113159
        Loss_G_cycle : 1.4739363193511963
        Loss_D : 0.148916557431221
        -----------------------------------------------------------
        

        -----------------------------------------------------------
        Epoch : 39 Finished
        Loss_G : 3.294386386871338
        Loss_G_identity : 0.6793891191482544
        Loss_G_GAN : 1.1394062042236328
        Loss_G_cycle : 1.4755911827087402
        Loss_D : 0.3312165439128876
        -----------------------------------------------------------
        

        -----------------------------------------------------------
        Epoch : 40 Finished
        Loss_G : 3.2613587379455566
        Loss_G_identity : 0.8013449907302856
        Loss_G_GAN : 0.8186073303222656
        Loss_G_cycle : 1.6414062976837158
        Loss_D : 0.1837013214826584
        -----------------------------------------------------------
        

        -----------------------------------------------------------
        Epoch : 41 Finished
        Loss_G : 3.2215657234191895
        Loss_G_identity : 0.7138079404830933
        Loss_G_GAN : 1.0523160696029663
        Loss_G_cycle : 1.4554415941238403
        Loss_D : 0.17339646816253662
        -----------------------------------------------------------
        

        -----------------------------------------------------------
        Epoch : 42 Finished
        Loss_G : 3.2004306316375732
        Loss_G_identity : 0.7338495254516602
        Loss_G_GAN : 1.0074455738067627
        Loss_G_cycle : 1.45913565158844
        Loss_D : 0.13657480478286743
        -----------------------------------------------------------
        

        -----------------------------------------------------------
        Epoch : 43 Finished
        Loss_G : 4.990041732788086
        Loss_G_identity : 0.7011113166809082
        Loss_G_GAN : 2.8069770336151123
        Loss_G_cycle : 1.481953501701355
        Loss_D : 0.6769499182701111
        -----------------------------------------------------------
        

        -----------------------------------------------------------
        Epoch : 44 Finished
        Loss_G : 3.041876792907715
        Loss_G_identity : 0.6821880340576172
        Loss_G_GAN : 0.9064693450927734
        Loss_G_cycle : 1.4532195329666138
        Loss_D : 0.2516002058982849
        -----------------------------------------------------------
        

        -----------------------------------------------------------
        Epoch : 45 Finished
        Loss_G : 2.614521026611328
        Loss_G_identity : 0.6337702870368958
        Loss_G_GAN : 0.7374933958053589
        Loss_G_cycle : 1.2432572841644287
        Loss_D : 0.19677770137786865
        -----------------------------------------------------------
        

        -----------------------------------------------------------
        Epoch : 46 Finished
        Loss_G : 2.91414475440979
        Loss_G_identity : 0.711632251739502
        Loss_G_GAN : 0.8418029546737671
        Loss_G_cycle : 1.3607094287872314
        Loss_D : 0.32272252440452576
        -----------------------------------------------------------
        

        -----------------------------------------------------------
        Epoch : 47 Finished
        Loss_G : 3.00490403175354
        Loss_G_identity : 0.678749680519104
        Loss_G_GAN : 0.9109823107719421
        Loss_G_cycle : 1.4151719808578491
        Loss_D : 0.28237196803092957
        -----------------------------------------------------------
        

        -----------------------------------------------------------
        Epoch : 48 Finished
        Loss_G : 2.60772705078125
        Loss_G_identity : 0.6566212773323059
        Loss_G_GAN : 0.6734132766723633
        Loss_G_cycle : 1.277692437171936
        Loss_D : 0.2574302852153778
        -----------------------------------------------------------
        

        -----------------------------------------------------------
        Epoch : 49 Finished
        Loss_G : 4.546216011047363
        Loss_G_identity : 0.9259485602378845
        Loss_G_GAN : 1.598632574081421
        Loss_G_cycle : 2.021634578704834
        Loss_D : 0.17661744356155396
        -----------------------------------------------------------
        

        -----------------------------------------------------------
        Epoch : 50 Finished
        Loss_G : 5.4527058601379395
        Loss_G_identity : 0.9364352226257324
        Loss_G_GAN : 2.056396484375
        Loss_G_cycle : 2.459874391555786
        Loss_D : 0.13201716542243958
        -----------------------------------------------------------
        

        -----------------------------------------------------------
        Epoch : 51 Finished
        Loss_G : 3.6390180587768555
        Loss_G_identity : 0.6825264692306519
        Loss_G_GAN : 1.3783133029937744
        Loss_G_cycle : 1.5781785249710083
        Loss_D : 0.10025542229413986
        -----------------------------------------------------------
        

        -----------------------------------------------------------
        Epoch : 52 Finished
        Loss_G : 3.2115895748138428
        Loss_G_identity : 0.6813453435897827
        Loss_G_GAN : 1.1696223020553589
        Loss_G_cycle : 1.3606220483779907
        Loss_D : 0.16990335285663605
        -----------------------------------------------------------
        

        -----------------------------------------------------------
        Epoch : 53 Finished
        Loss_G : 3.977450370788574
        Loss_G_identity : 0.6263329982757568
        Loss_G_GAN : 1.9561469554901123
        Loss_G_cycle : 1.3949702978134155
        Loss_D : 0.2572823166847229
        -----------------------------------------------------------
        

        -----------------------------------------------------------
        Epoch : 54 Finished
        Loss_G : 2.941103219985962
        Loss_G_identity : 0.6374350190162659
        Loss_G_GAN : 0.9577146768569946
        Loss_G_cycle : 1.345953345298767
        Loss_D : 0.15836463868618011
        -----------------------------------------------------------
        

        -----------------------------------------------------------
        Epoch : 55 Finished
        Loss_G : 3.2315573692321777
        Loss_G_identity : 0.5515719652175903
        Loss_G_GAN : 1.5448353290557861
        Loss_G_cycle : 1.1351500749588013
        Loss_D : 0.13668259978294373
        -----------------------------------------------------------
        

        -----------------------------------------------------------
        Epoch : 56 Finished
        Loss_G : 2.583148241043091
        Loss_G_identity : 0.635303258895874
        Loss_G_GAN : 0.6902613043785095
        Loss_G_cycle : 1.257583737373352
        Loss_D : 0.2437424659729004
        -----------------------------------------------------------
        

        -----------------------------------------------------------
        Epoch : 57 Finished
        Loss_G : 2.781029224395752
        Loss_G_identity : 0.7222659587860107
        Loss_G_GAN : 0.623018741607666
        Loss_G_cycle : 1.4357444047927856
        Loss_D : 0.20883797109127045
        -----------------------------------------------------------
        

        -----------------------------------------------------------
        Epoch : 58 Finished
        Loss_G : 2.929429054260254
        Loss_G_identity : 0.6742247939109802
        Loss_G_GAN : 0.9907053709030151
        Loss_G_cycle : 1.2644989490509033
        Loss_D : 0.44727668166160583
        -----------------------------------------------------------
        

        -----------------------------------------------------------
        Epoch : 59 Finished
        Loss_G : 3.2408647537231445
        Loss_G_identity : 0.6827573776245117
        Loss_G_GAN : 1.201817512512207
        Loss_G_cycle : 1.3562898635864258
        Loss_D : 0.17765331268310547
        -----------------------------------------------------------
        

        -----------------------------------------------------------
        Epoch : 60 Finished
        Loss_G : 3.288081407546997
        Loss_G_identity : 0.7200354337692261
        Loss_G_GAN : 1.2887710332870483
        Loss_G_cycle : 1.279274821281433
        Loss_D : 0.2573094964027405
        -----------------------------------------------------------
        

        -----------------------------------------------------------
        Epoch : 61 Finished
        Loss_G : 4.4139404296875
        Loss_G_identity : 0.7729967832565308
        Loss_G_GAN : 1.964707612991333
        Loss_G_cycle : 1.6762356758117676
        Loss_D : 0.10162467509508133
        -----------------------------------------------------------
        

        -----------------------------------------------------------
        Epoch : 62 Finished
        Loss_G : 3.502577304840088
        Loss_G_identity : 0.6918079853057861
        Loss_G_GAN : 1.3229682445526123
        Loss_G_cycle : 1.4878010749816895
        Loss_D : 0.12390238046646118
        -----------------------------------------------------------
        

        -----------------------------------------------------------
        Epoch : 63 Finished
        Loss_G : 4.472021102905273
        Loss_G_identity : 0.6763741970062256
        Loss_G_GAN : 2.3988490104675293
        Loss_G_cycle : 1.3967982530593872
        Loss_D : 0.5056383609771729
        -----------------------------------------------------------
        

        -----------------------------------------------------------
        Epoch : 64 Finished
        Loss_G : 2.8851523399353027
        Loss_G_identity : 0.6611697673797607
        Loss_G_GAN : 0.8680252432823181
        Loss_G_cycle : 1.3559573888778687
        Loss_D : 0.21211855113506317
        -----------------------------------------------------------
        

        -----------------------------------------------------------
        Epoch : 65 Finished
        Loss_G : 3.4228739738464355
        Loss_G_identity : 0.6101993322372437
        Loss_G_GAN : 1.5871024131774902
        Loss_G_cycle : 1.2255719900131226
        Loss_D : 0.17422042787075043
        -----------------------------------------------------------
        

        -----------------------------------------------------------
        Epoch : 66 Finished
        Loss_G : 2.8951430320739746
        Loss_G_identity : 0.6320174932479858
        Loss_G_GAN : 1.0825351476669312
        Loss_G_cycle : 1.1805906295776367
        Loss_D : 0.10075598955154419
        -----------------------------------------------------------
        

        -----------------------------------------------------------
        Epoch : 67 Finished
        Loss_G : 2.2901735305786133
        Loss_G_identity : 0.6881444454193115
        Loss_G_GAN : 0.2557361423969269
        Loss_G_cycle : 1.3462929725646973
        Loss_D : 0.5888887643814087
        -----------------------------------------------------------
        

        -----------------------------------------------------------
        Epoch : 68 Finished
        Loss_G : 2.6038100719451904
        Loss_G_identity : 0.579889178276062
        Loss_G_GAN : 0.8925607800483704
        Loss_G_cycle : 1.1313602924346924
        Loss_D : 0.29469531774520874
        -----------------------------------------------------------
        

        -----------------------------------------------------------
        Epoch : 69 Finished
        Loss_G : 2.2435507774353027
        Loss_G_identity : 0.5686925649642944
        Loss_G_GAN : 0.5950287580490112
        Loss_G_cycle : 1.079829454421997
        Loss_D : 0.32945701479911804
        -----------------------------------------------------------
        

        -----------------------------------------------------------
        Epoch : 70 Finished
        Loss_G : 3.098538875579834
        Loss_G_identity : 0.6702331304550171
        Loss_G_GAN : 1.2134363651275635
        Loss_G_cycle : 1.2148692607879639
        Loss_D : 0.42872053384780884
        -----------------------------------------------------------
        

        -----------------------------------------------------------
        Epoch : 71 Finished
        Loss_G : 2.1259865760803223
        Loss_G_identity : 0.5410923957824707
        Loss_G_GAN : 0.4961282014846802
        Loss_G_cycle : 1.088766098022461
        Loss_D : 0.3094967007637024
        -----------------------------------------------------------
        

        -----------------------------------------------------------
        Epoch : 72 Finished
        Loss_G : 2.184276580810547
        Loss_G_identity : 0.7148411273956299
        Loss_G_GAN : 0.2843794822692871
        Loss_G_cycle : 1.1850560903549194
        Loss_D : 0.5815016031265259
        -----------------------------------------------------------
        

        -----------------------------------------------------------
        Epoch : 73 Finished
        Loss_G : 2.6121716499328613
        Loss_G_identity : 0.5626599788665771
        Loss_G_GAN : 0.9491301774978638
        Loss_G_cycle : 1.1003813743591309
        Loss_D : 0.29750487208366394
        -----------------------------------------------------------
        

        -----------------------------------------------------------
        Epoch : 74 Finished
        Loss_G : 2.4506702423095703
        Loss_G_identity : 0.5981042385101318
        Loss_G_GAN : 0.694195568561554
        Loss_G_cycle : 1.1583704948425293
        Loss_D : 0.21763283014297485
        -----------------------------------------------------------
        

        -----------------------------------------------------------
        Epoch : 75 Finished
        Loss_G : 2.8622395992279053
        Loss_G_identity : 0.5895534753799438
        Loss_G_GAN : 0.9613889455795288
        Loss_G_cycle : 1.3112971782684326
        Loss_D : 0.24873948097229004
        -----------------------------------------------------------
        

        -----------------------------------------------------------
        Epoch : 76 Finished
        Loss_G : 3.601072311401367
        Loss_G_identity : 0.6940419673919678
        Loss_G_GAN : 1.5777673721313477
        Loss_G_cycle : 1.3292629718780518
        Loss_D : 0.22497573494911194
        -----------------------------------------------------------
        
Traceback (most recent call last):
  File "train.py", line 230, in <module>
    main()
  File "train.py", line 145, in main
    loss_G.backward()
  File "/home/ubuntu/.local/lib/python3.6/site-packages/torch/tensor.py", line 221, in backward
    torch.autograd.backward(self, gradient, retain_graph, create_graph)
  File "/home/ubuntu/.local/lib/python3.6/site-packages/torch/autograd/__init__.py", line 132, in backward
    allow_unreachable=True)  # allow_unreachable flag
RuntimeError: CUDA out of memory. Tried to allocate 160.00 MiB (GPU 0; 23.65 GiB total capacity; 21.77 GiB already allocated; 29.44 MiB free; 22.49 GiB reserved in total by PyTorch)
